#
# A fatal error has been detected by the Java Runtime Environment:
#
#  SIGSEGV (0xb) at pc=0x00007f160ed1053c, pid=6517, tid=139732470880000
#
# JRE version: Java(TM) SE Runtime Environment (7.0_72-b14) (build 1.7.0_72-b14)
# Java VM: Java HotSpot(TM) 64-Bit Server VM (24.72-b04 mixed mode linux-amd64 compressed oops)
# Problematic frame:
# V  [libjvm.so+0x52053c]  frame::sender(RegisterMap*) const+0x7c
#
# Failed to write core dump. Core dumps have been disabled. To enable core dumping, try "ulimit -c unlimited" before starting Java again
#
# If you would like to submit a bug report, please visit:
#   http://bugreport.sun.com/bugreport/crash.jsp
#

---------------  T H R E A D  ---------------

Current thread (0x00007f16080a0800):  JavaThread "JDWP Transport Listener: dt_socket" daemon [_thread_in_vm, id=6536, stack(0x00007f16003a5000,0x00007f16004a6000)]

siginfo:si_signo=SIGSEGV: si_errno=0, si_code=128 (), si_addr=0x0000000000000000

Registers:
RAX=0x6e058b480e74c084, RBX=0x00007f16004a3ff0, RCX=0x02f883008b006ebe, RDX=0x00007f16004a3a30
RSP=0x00007f16004a39b0, RBP=0x00007f16004a39c0, RSI=0x00007f15e0668f48, RDI=0x00007f1605005360
R8 =0x000000000000000b, R9 =0x0000000000000018, R10=0x00007f15e0668348, R11=0x00007f15d12632a0
R12=0x00007f15e0668f48, R13=0x00007f16004a3a30, R14=0x00007f16004a3ff0, R15=0x00007f160f63d030
RIP=0x00007f160ed1053c, EFLAGS=0x0000000000010246, CSGSFS=0x0000000000000033, ERR=0x0000000000000000
  TRAPNO=0x000000000000000d

Top of Stack: (sp=0x00007f16004a39b0)
0x00007f16004a39b0:   00007f16004a3ff0 00007f15e0668f48
0x00007f16004a39c0:   00007f16004a3a20 00007f160ed0cfa8
0x00007f16004a39d0:   00007f16004a4010 00007f160f187013
0x00007f16004a39e0:   00007f16004a4020 00007f1608285800
0x00007f16004a39f0:   00007f16004a3a10 00007f15e0668940
0x00007f16004a3a00:   00007f15e0668948 00007f15e0668f40
0x00007f16004a3a10:   00007f15e0668f48 00007f16004a3a30
0x00007f16004a3a20:   00007f16004a4050 00007f160f187113
0x00007f16004a3a30:   0000000000000000 0000000000000000
0x00007f16004a3a40:   0000000000000000 0000000000000000
0x00007f16004a3a50:   0000000000000000 0000000000000000
0x00007f16004a3a60:   0000000000000000 0000000000000000
0x00007f16004a3a70:   0000000000000000 0000000000000000
0x00007f16004a3a80:   00007f15d1263278 00007f15d1263278
0x00007f16004a3a90:   0000000000000000 0000000000000000
0x00007f16004a3aa0:   0000000000000000 0000000000000000
0x00007f16004a3ab0:   0000000000000000 0000000000000000
0x00007f16004a3ac0:   0000000000000000 0000000000000000
0x00007f16004a3ad0:   0000000000000000 0000000000000000
0x00007f16004a3ae0:   0000000000000000 0000000000000000
0x00007f16004a3af0:   0000000000000000 0000000000000000
0x00007f16004a3b00:   0000000000000000 0000000000000000
0x00007f16004a3b10:   0000000000000000 0000000000000000
0x00007f16004a3b20:   0000000000000000 0000000000000000
0x00007f16004a3b30:   0000000000000000 0000000000000000
0x00007f16004a3b40:   0000000000000000 0000000000000000
0x00007f16004a3b50:   0000000000000000 0000000000000000
0x00007f16004a3b60:   0000000000000000 0000000000000000
0x00007f16004a3b70:   0000000000000000 0000000000000000
0x00007f16004a3b80:   0000000000000000 0000000000000000
0x00007f16004a3b90:   0000000000000000 0000000000000000
0x00007f16004a3ba0:   0000000000000000 0000000000000000 

Instructions: (pc=0x00007f160ed1053c)
0x00007f160ed1051c:   48 8d 04 07 48 39 c1 73 d8 48 89 df e8 03 fa ff
0x00007f160ed1052c:   ff 48 89 d8 5b 41 5c c9 c3 0f 1f 00 48 8b 46 20
0x00007f160ed1053c:   48 8b 78 08 48 8b 10 48 83 c0 10 48 89 03 48 89
0x00007f160ed1054c:   43 28 48 89 53 20 48 89 7b 08 e8 c5 28 f0 ff 48 

Register to memory mapping:

RAX=0x6e058b480e74c084 is an unknown value
RBX=0x00007f16004a3ff0 is pointing into the stack for thread: 0x00007f16080a0800
RCX=0x02f883008b006ebe is an unknown value
RDX=0x00007f16004a3a30 is pointing into the stack for thread: 0x00007f16080a0800
RSP=0x00007f16004a39b0 is pointing into the stack for thread: 0x00007f16080a0800
RBP=0x00007f16004a39c0 is pointing into the stack for thread: 0x00007f16080a0800
RSI=0x00007f15e0668f48 is an unknown value
RDI=0x00007f1605005360 is pointing into interpreter code (not bytecode specific)
R8 =0x000000000000000b is an unknown value
R9 =0x0000000000000018 is an unknown value
R10=0x00007f15e0668348 is an unknown value
R11=0x00007f15d12632a0 is pointing into the stack for thread: 0x00007f1608285800
R12=0x00007f15e0668f48 is an unknown value
R13=0x00007f16004a3a30 is pointing into the stack for thread: 0x00007f16080a0800
R14=0x00007f16004a3ff0 is pointing into the stack for thread: 0x00007f16080a0800
R15=0x00007f160f63d030: <offset 0xe4d030> in /usr/lib/jvm/java-7-oracle/jre/lib/amd64/server/libjvm.so at 0x00007f160e7f0000


Stack: [0x00007f16003a5000,0x00007f16004a6000],  sp=0x00007f16004a39b0,  free space=1018k
Native frames: (J=compiled Java code, j=interpreted, Vv=VM code, C=native code)
V  [libjvm.so+0x52053c]  frame::sender(RegisterMap*) const+0x7c
V  [libjvm.so+0x51cfa8]  frame::real_sender(RegisterMap*) const+0x18
V  [libjvm.so+0x997113]  vframe::sender() const+0x63
V  [libjvm.so+0x9953da]  vframe::java_sender() const+0x2a
V  [libjvm.so+0x6e7a83]  JvmtiEnvBase::vframeFor(JavaThread*, int)+0x63
V  [libjvm.so+0x6e9406]  JvmtiEnvBase::get_frame_location(JavaThread*, int, _jmethodID**, long*)+0x86
V  [libjvm.so+0x6dd9b4]  JvmtiEnv::GetFrameLocation(JavaThread*, int, _jmethodID**, long*)+0xc4
V  [libjvm.so+0x6a2010]  jvmti_GetFrameLocation+0x2a0
C  [libjdwp.so+0xa9d4]  frames+0x234
C  [libjdwp.so+0x11976]  debugLoop_run+0x2b6
C  [libjdwp.so+0x243af]  attachThread+0x2f
V  [libjvm.so+0x6fd407]  JvmtiAgentThread::call_start_function()+0x97
V  [libjvm.so+0x95a08f]  JavaThread::thread_main_inner()+0xdf
V  [libjvm.so+0x95a195]  JavaThread::run()+0xf5
V  [libjvm.so+0x820c28]  java_start(Thread*)+0x108


---------------  P R O C E S S  ---------------

Java Threads: ( => current thread )
  0x00007f160800d000 JavaThread "<no-name - thread is attaching>" [_thread_blocked, id=6522, stack(0x00007f1610164000,0x00007f1610265000)]
  0x00007f15dc001000 JavaThread "SIGTERM handler" daemon [_thread_blocked, id=6646, stack(0x00007f16001a3000,0x00007f16002a4000)]
  0x00007f1608289000 JavaThread "t2" [_thread_blocked, id=6563, stack(0x00007f15d12fd000,0x00007f15d13fe000)]
  0x00007f1608285800 JavaThread "t1" [_thread_blocked, id=6560, stack(0x00007f15d11fc000,0x00007f15d12fd000)]
  0x00007f15a8012800 JavaThread "TimerQueue" daemon [_thread_blocked, id=6554, stack(0x00007f15d10db000,0x00007f15d11dc000)]
  0x00007f16081c8800 JavaThread "AWT-XAWT" daemon [_thread_in_native, id=6550, stack(0x00007f15d2034000,0x00007f15d2135000)]
  0x00007f160819f000 JavaThread "Java2D Disposer" daemon [_thread_blocked, id=6549, stack(0x00007f15d2545000,0x00007f15d2646000)]
  0x00007f16080ab800 JavaThread "Service Thread" daemon [_thread_blocked, id=6543, stack(0x00007f15d3dfe000,0x00007f15d3eff000)]
  0x00007f16080a9000 JavaThread "C2 CompilerThread1" daemon [_thread_blocked, id=6542, stack(0x00007f15d3eff000,0x00007f15d4000000)]
  0x00007f16080a6000 JavaThread "C2 CompilerThread0" daemon [_thread_blocked, id=6541, stack(0x00007f16000a2000,0x00007f16001a3000)]
  0x00007f16080a4000 JavaThread "JDWP Event Helper Thread" daemon [_thread_blocked, id=6537, stack(0x00007f16002a4000,0x00007f16003a5000)]
=>0x00007f16080a0800 JavaThread "JDWP Transport Listener: dt_socket" daemon [_thread_in_vm, id=6536, stack(0x00007f16003a5000,0x00007f16004a6000)]
  0x00007f1608093000 JavaThread "Signal Dispatcher" daemon [_thread_blocked, id=6532, stack(0x00007f16006aa000,0x00007f16007ab000)]
  0x00007f1608073000 JavaThread "Finalizer" daemon [_thread_blocked, id=6530, stack(0x00007f16007ab000,0x00007f16008ac000)]
  0x00007f1608071000 JavaThread "Reference Handler" daemon [_thread_blocked, id=6529, stack(0x00007f16008ac000,0x00007f16009ad000)]

Other Threads:
  0x00007f160806c800 VMThread [stack: 0x00007f16009ad000,0x00007f1600aae000] [id=6528]

VM state:synchronizing (normal execution)

VM Mutex/Monitor currently owned by a thread:  ([mutex/lock_event])
[0x00007f16080094c0] Threads_lock - owner thread: 0x00007f160806c800

Heap
 PSYoungGen      total 27136K, used 8025K [0x00000000e1f00000, 0x00000000e3d00000, 0x0000000100000000)
  eden space 23552K, 34% used [0x00000000e1f00000,0x00000000e26d6740,0x00000000e3600000)
  from space 3584K, 0% used [0x00000000e3980000,0x00000000e3980000,0x00000000e3d00000)
  to   space 3584K, 0% used [0x00000000e3600000,0x00000000e3600000,0x00000000e3980000)
 ParOldGen       total 61440K, used 0K [0x00000000a5e00000, 0x00000000a9a00000, 0x00000000e1f00000)
  object space 61440K, 0% used [0x00000000a5e00000,0x00000000a5e00000,0x00000000a9a00000)
 PSPermGen       total 21504K, used 10946K [0x00000000a0c00000, 0x00000000a2100000, 0x00000000a5e00000)
  object space 21504K, 50% used [0x00000000a0c00000,0x00000000a16b0ac0,0x00000000a2100000)

Card table byte_map: [0x00007f160c636000,0x00007f160c931000] byte_map_base: 0x00007f160c130000

Polling page: 0x00007f1610285000

Code Cache  [0x00007f1605000000, 0x00007f1605270000, 0x00007f1608000000)
 total_blobs=475 nmethods=22 adapters=416 free_code_cache=48573Kb largest_free_block=49715648

Compilation events (10 events):
Event: 0.820 Thread 0x00007f16080a9000 nmethod 17 0x00007f160508f550 code [0x00007f160508f6c0, 0x00007f160508fb18]
Event: 0.821 Thread 0x00007f16080a6000   19 %           java.util.Arrays::binarySearch0 @ 21 (95 bytes)
Event: 0.834 Thread 0x00007f16080a6000 nmethod 19% 0x00007f160508eb10 code [0x00007f160508ec80, 0x00007f160508f178]
Event: 2.312 Thread 0x00007f16080a9000   20             java.lang.String::equals (81 bytes)
Event: 2.313 Thread 0x00007f16080a6000   21             java.lang.Enum::ordinal (5 bytes)
Event: 2.314 Thread 0x00007f16080a6000 nmethod 21 0x00007f1605092090 code [0x00007f16050921c0, 0x00007f1605092218]
Event: 2.315 Thread 0x00007f16080a6000   22             sun.util.logging.PlatformLogger$Level::intValue (9 bytes)
Event: 2.317 Thread 0x00007f16080a6000 nmethod 22 0x00007f1605091e50 code [0x00007f1605091f80, 0x00007f1605091ff8]
Event: 2.328 Thread 0x00007f16080a9000 nmethod 20 0x00007f1605091890 code [0x00007f16050919e0, 0x00007f1605091cd8]
Event: 55.917 Thread 0x00007f16080a6000   23             FibonacciNumber::calcFibonacci (36 bytes)

GC Heap History (0 events):
No events

Deoptimization events (4 events):
Event: 2.025 Thread 0x00007f1608289000 Uncommon trap: reason=class_check action=maybe_recompile pc=0x00007f160507ba00 method=java.lang.String.equals(Ljava/lang/Object;)Z @ 8
Event: 2.025 Thread 0x00007f1608289000 Uncommon trap: reason=class_check action=maybe_recompile pc=0x00007f160507ba00 method=java.lang.String.equals(Ljava/lang/Object;)Z @ 8
Event: 2.311 Thread 0x00007f1608289000 Uncommon trap: reason=class_check action=maybe_recompile pc=0x00007f160507ba00 method=java.lang.String.equals(Ljava/lang/Object;)Z @ 8
Event: 2.311 Thread 0x00007f1608289000 Uncommon trap: reason=class_check action=maybe_recompile pc=0x00007f160507ba00 method=java.lang.String.equals(Ljava/lang/Object;)Z @ 8

Internal exceptions (10 events):
Event: 55.916 Thread 0x00007f160800d000 Threw 0x00000000e232ea70 at /HUDSON/workspace/7u-2-build-linux-amd64/jdk7u72/1606/hotspot/src/share/vm/prims/jni.cpp:717
Event: 55.916 Thread 0x00007f160800d000 Threw 0x00000000e232eff8 at /HUDSON/workspace/7u-2-build-linux-amd64/jdk7u72/1606/hotspot/src/share/vm/prims/jni.cpp:717
Event: 55.916 Thread 0x00007f160800d000 Threw 0x00000000e232f1a8 at /HUDSON/workspace/7u-2-build-linux-amd64/jdk7u72/1606/hotspot/src/share/vm/prims/jni.cpp:717
Event: 55.916 Thread 0x00007f160800d000 Threw 0x00000000e232f328 at /HUDSON/workspace/7u-2-build-linux-amd64/jdk7u72/1606/hotspot/src/share/vm/prims/jni.cpp:717
Event: 55.916 Thread 0x00007f160800d000 Threw 0x00000000e232f920 at /HUDSON/workspace/7u-2-build-linux-amd64/jdk7u72/1606/hotspot/src/share/vm/prims/jni.cpp:717
Event: 55.916 Thread 0x00007f160800d000 Threw 0x00000000e232fad0 at /HUDSON/workspace/7u-2-build-linux-amd64/jdk7u72/1606/hotspot/src/share/vm/prims/jni.cpp:717
Event: 55.916 Thread 0x00007f160800d000 Threw 0x00000000e232fc50 at /HUDSON/workspace/7u-2-build-linux-amd64/jdk7u72/1606/hotspot/src/share/vm/prims/jni.cpp:717
Event: 55.916 Thread 0x00007f160800d000 Threw 0x00000000e2330218 at /HUDSON/workspace/7u-2-build-linux-amd64/jdk7u72/1606/hotspot/src/share/vm/prims/jni.cpp:717
Event: 55.917 Thread 0x00007f160800d000 Threw 0x00000000e23303c8 at /HUDSON/workspace/7u-2-build-linux-amd64/jdk7u72/1606/hotspot/src/share/vm/prims/jni.cpp:717
Event: 55.917 Thread 0x00007f160800d000 Threw 0x00000000e2330548 at /HUDSON/workspace/7u-2-build-linux-amd64/jdk7u72/1606/hotspot/src/share/vm/prims/jni.cpp:717

Events (10 events):
Event: 55.914 Thread 0x00007f15d8001800 Thread exited: 0x00007f15d8001800
Event: 55.915 loading class 0x00007f1601cf3370
Event: 55.915 loading class 0x00007f1601cf35e0
Event: 55.915 loading class 0x00007f1601cf35e0 done
Event: 55.915 loading class 0x00007f1601cf3370 done
Event: 55.915 loading class 0x00007f1601d25580
Event: 55.915 loading class 0x00007f1601d25580 done
Event: 55.917 Thread 0x00007f160800d000 Thread exited: 0x00007f160800d000
Event: 55.917 Thread 0x00007f160800d000 Thread added: 0x00007f160800d000
Event: 55.917 Executing VM operation: Exit


Dynamic libraries:
00400000-00401000 r-xp 00000000 08:01 928743                             /usr/lib/jvm/java-7-oracle/bin/java
00600000-00601000 rw-p 00000000 08:01 928743                             /usr/lib/jvm/java-7-oracle/bin/java
0093d000-0095e000 rw-p 00000000 00:00 0                                  [heap]
a0c00000-a2100000 rw-p 00000000 00:00 0 
a2100000-a5e00000 rw-p 00000000 00:00 0 
a5e00000-a9a00000 rw-p 00000000 00:00 0 
a9a00000-e1f00000 rw-p 00000000 00:00 0 
e1f00000-e3d00000 rw-p 00000000 00:00 0 
e3d00000-100000000 rw-p 00000000 00:00 0 
7f15a8000000-7f15a8027000 rw-p 00000000 00:00 0 
7f15a8027000-7f15ac000000 ---p 00000000 00:00 0 
7f15ac000000-7f15ac021000 rw-p 00000000 00:00 0 
7f15ac021000-7f15b0000000 ---p 00000000 00:00 0 
7f15b0000000-7f15b0021000 rw-p 00000000 00:00 0 
7f15b0021000-7f15b4000000 ---p 00000000 00:00 0 
7f15b4000000-7f15b4021000 rw-p 00000000 00:00 0 
7f15b4021000-7f15b8000000 ---p 00000000 00:00 0 
7f15b8000000-7f15b8021000 rw-p 00000000 00:00 0 
7f15b8021000-7f15bc000000 ---p 00000000 00:00 0 
7f15bc000000-7f15bc021000 rw-p 00000000 00:00 0 
7f15bc021000-7f15c0000000 ---p 00000000 00:00 0 
7f15c0000000-7f15c0021000 rw-p 00000000 00:00 0 
7f15c0021000-7f15c4000000 ---p 00000000 00:00 0 
7f15c4000000-7f15c4021000 rw-p 00000000 00:00 0 
7f15c4021000-7f15c8000000 ---p 00000000 00:00 0 
7f15c8000000-7f15c81c3000 rw-p 00000000 00:00 0 
7f15c81c3000-7f15cc000000 ---p 00000000 00:00 0 
7f15cc000000-7f15cc234000 rw-p 00000000 00:00 0 
7f15cc234000-7f15d0000000 ---p 00000000 00:00 0 
7f15d0e94000-7f15d10db000 rw-p 00000000 00:00 0 
7f15d10db000-7f15d10de000 ---p 00000000 00:00 0 
7f15d10de000-7f15d11dc000 rw-p 00000000 00:00 0                          [stack:6554]
7f15d11fc000-7f15d11fd000 ---p 00000000 00:00 0 
7f15d11fd000-7f15d12fd000 rw-p 00000000 00:00 0                          [stack:6560]
7f15d12fd000-7f15d1300000 ---p 00000000 00:00 0 
7f15d1300000-7f15d13fe000 rw-p 00000000 00:00 0                          [stack:6563]
7f15d13fe000-7f15d1467000 r-xp 00000000 08:01 1184345                    /usr/lib/jvm/java-7-oracle/jre/lib/amd64/libt2k.so
7f15d1467000-7f15d1666000 ---p 00069000 08:01 1184345                    /usr/lib/jvm/java-7-oracle/jre/lib/amd64/libt2k.so
7f15d1666000-7f15d166d000 rw-p 00068000 08:01 1184345                    /usr/lib/jvm/java-7-oracle/jre/lib/amd64/libt2k.so
7f15d166d000-7f15d167d000 rw-p 00000000 00:00 0 
7f15d167d000-7f15d168d000 r-xp 00000000 08:01 1184336                    /usr/lib/jvm/java-7-oracle/jre/lib/amd64/libnio.so
7f15d168d000-7f15d188d000 ---p 00010000 08:01 1184336                    /usr/lib/jvm/java-7-oracle/jre/lib/amd64/libnio.so
7f15d188d000-7f15d188e000 rw-p 00010000 08:01 1184336                    /usr/lib/jvm/java-7-oracle/jre/lib/amd64/libnio.so
7f15d188e000-7f15d18a4000 r-xp 00000000 08:01 1184325                    /usr/lib/jvm/java-7-oracle/jre/lib/amd64/libnet.so
7f15d18a4000-7f15d1aa4000 ---p 00016000 08:01 1184325                    /usr/lib/jvm/java-7-oracle/jre/lib/amd64/libnet.so
7f15d1aa4000-7f15d1aa5000 rw-p 00016000 08:01 1184325                    /usr/lib/jvm/java-7-oracle/jre/lib/amd64/libnet.so
7f15d1aa5000-7f15d1abb000 r-xp 00000000 08:01 17436531                   /lib/x86_64-linux-gnu/libgcc_s.so.1
7f15d1abb000-7f15d1cba000 ---p 00016000 08:01 17436531                   /lib/x86_64-linux-gnu/libgcc_s.so.1
7f15d1cba000-7f15d1cbb000 rw-p 00015000 08:01 17436531                   /lib/x86_64-linux-gnu/libgcc_s.so.1
7f15d1cbb000-7f15d1d1f000 r-xp 00000000 08:01 1184313                    /usr/lib/jvm/java-7-oracle/jre/lib/amd64/libfontmanager.so
7f15d1d1f000-7f15d1f1e000 ---p 00064000 08:01 1184313                    /usr/lib/jvm/java-7-oracle/jre/lib/amd64/libfontmanager.so
7f15d1f1e000-7f15d1f23000 rw-p 00063000 08:01 1184313                    /usr/lib/jvm/java-7-oracle/jre/lib/amd64/libfontmanager.so
7f15d1f23000-7f15d1f33000 rw-p 00000000 00:00 0 
7f15d1f33000-7f15d1f36000 ---p 00000000 00:00 0 
7f15d1f36000-7f15d2034000 rw-p 00000000 00:00 0 
7f15d2034000-7f15d2037000 ---p 00000000 00:00 0 
7f15d2037000-7f15d2135000 rw-p 00000000 00:00 0                          [stack:6550]
7f15d2135000-7f15d213a000 r-xp 00000000 08:01 925299                     /usr/lib/x86_64-linux-gnu/libXfixes.so.3.1.0
7f15d213a000-7f15d2339000 ---p 00005000 08:01 925299                     /usr/lib/x86_64-linux-gnu/libXfixes.so.3.1.0
7f15d2339000-7f15d233a000 r--p 00004000 08:01 925299                     /usr/lib/x86_64-linux-gnu/libXfixes.so.3.1.0
7f15d233a000-7f15d233b000 rw-p 00005000 08:01 925299                     /usr/lib/x86_64-linux-gnu/libXfixes.so.3.1.0
7f15d233b000-7f15d2344000 r-xp 00000000 08:01 925291                     /usr/lib/x86_64-linux-gnu/libXcursor.so.1.0.2
7f15d2344000-7f15d2543000 ---p 00009000 08:01 925291                     /usr/lib/x86_64-linux-gnu/libXcursor.so.1.0.2
7f15d2543000-7f15d2544000 r--p 00008000 08:01 925291                     /usr/lib/x86_64-linux-gnu/libXcursor.so.1.0.2
7f15d2544000-7f15d2545000 rw-p 00009000 08:01 925291                     /usr/lib/x86_64-linux-gnu/libXcursor.so.1.0.2
7f15d2545000-7f15d2548000 ---p 00000000 00:00 0 
7f15d2548000-7f15d2646000 rw-p 00000000 00:00 0                          [stack:6549]
7f15d2646000-7f15d264b000 r-xp 00000000 08:01 925295                     /usr/lib/x86_64-linux-gnu/libXdmcp.so.6.0.0
7f15d264b000-7f15d284a000 ---p 00005000 08:01 925295                     /usr/lib/x86_64-linux-gnu/libXdmcp.so.6.0.0
7f15d284a000-7f15d284b000 r--p 00004000 08:01 925295                     /usr/lib/x86_64-linux-gnu/libXdmcp.so.6.0.0
7f15d284b000-7f15d284c000 rw-p 00005000 08:01 925295                     /usr/lib/x86_64-linux-gnu/libXdmcp.so.6.0.0
7f15d284c000-7f15d284e000 r-xp 00000000 08:01 925284                     /usr/lib/x86_64-linux-gnu/libXau.so.6.0.0
7f15d284e000-7f15d2a4e000 ---p 00002000 08:01 925284                     /usr/lib/x86_64-linux-gnu/libXau.so.6.0.0
7f15d2a4e000-7f15d2a4f000 r--p 00002000 08:01 925284                     /usr/lib/x86_64-linux-gnu/libXau.so.6.0.0
7f15d2a4f000-7f15d2a50000 rw-p 00003000 08:01 925284                     /usr/lib/x86_64-linux-gnu/libXau.so.6.0.0
7f15d2a50000-7f15d2a6d000 r-xp 00000000 08:01 926354                     /usr/lib/x86_64-linux-gnu/libxcb.so.1.1.0
7f15d2a6d000-7f15d2c6d000 ---p 0001d000 08:01 926354                     /usr/lib/x86_64-linux-gnu/libxcb.so.1.1.0
7f15d2c6d000-7f15d2c6e000 r--p 0001d000 08:01 926354                     /usr/lib/x86_64-linux-gnu/libxcb.so.1.1.0
7f15d2c6e000-7f15d2c6f000 rw-p 0001e000 08:01 926354                     /usr/lib/x86_64-linux-gnu/libxcb.so.1.1.0
7f15d2c6f000-7f15d2c7e000 r-xp 00000000 08:01 925305                     /usr/lib/x86_64-linux-gnu/libXi.so.6.1.0
7f15d2c7e000-7f15d2e7d000 ---p 0000f000 08:01 925305                     /usr/lib/x86_64-linux-gnu/libXi.so.6.1.0
7f15d2e7d000-7f15d2e7e000 r--p 0000e000 08:01 925305                     /usr/lib/x86_64-linux-gnu/libXi.so.6.1.0
7f15d2e7e000-7f15d2e7f000 rw-p 0000f000 08:01 925305                     /usr/lib/x86_64-linux-gnu/libXi.so.6.1.0
7f15d2e7f000-7f15d2e84000 r-xp 00000000 08:01 925325                     /usr/lib/x86_64-linux-gnu/libXtst.so.6.1.0
7f15d2e84000-7f15d3083000 ---p 00005000 08:01 925325                     /usr/lib/x86_64-linux-gnu/libXtst.so.6.1.0
7f15d3083000-7f15d3084000 r--p 00004000 08:01 925325                     /usr/lib/x86_64-linux-gnu/libXtst.so.6.1.0
7f15d3084000-7f15d3085000 rw-p 00005000 08:01 925325                     /usr/lib/x86_64-linux-gnu/libXtst.so.6.1.0
7f15d3085000-7f15d308e000 r-xp 00000000 08:01 925319                     /usr/lib/x86_64-linux-gnu/libXrender.so.1.3.0
7f15d308e000-7f15d328d000 ---p 00009000 08:01 925319                     /usr/lib/x86_64-linux-gnu/libXrender.so.1.3.0
7f15d328d000-7f15d328e000 r--p 00008000 08:01 925319                     /usr/lib/x86_64-linux-gnu/libXrender.so.1.3.0
7f15d328e000-7f15d328f000 rw-p 00009000 08:01 925319                     /usr/lib/x86_64-linux-gnu/libXrender.so.1.3.0
7f15d328f000-7f15d33bf000 r-xp 00000000 08:01 925280                     /usr/lib/x86_64-linux-gnu/libX11.so.6.3.0
7f15d33bf000-7f15d35bf000 ---p 00130000 08:01 925280                     /usr/lib/x86_64-linux-gnu/libX11.so.6.3.0
7f15d35bf000-7f15d35c0000 r--p 00130000 08:01 925280                     /usr/lib/x86_64-linux-gnu/libX11.so.6.3.0
7f15d35c0000-7f15d35c4000 rw-p 00131000 08:01 925280                     /usr/lib/x86_64-linux-gnu/libX11.so.6.3.0
7f15d35c4000-7f15d35d5000 r-xp 00000000 08:01 925297                     /usr/lib/x86_64-linux-gnu/libXext.so.6.4.0
7f15d35d5000-7f15d37d4000 ---p 00011000 08:01 925297                     /usr/lib/x86_64-linux-gnu/libXext.so.6.4.0
7f15d37d4000-7f15d37d5000 r--p 00010000 08:01 925297                     /usr/lib/x86_64-linux-gnu/libXext.so.6.4.0
7f15d37d5000-7f15d37d6000 rw-p 00011000 08:01 925297                     /usr/lib/x86_64-linux-gnu/libXext.so.6.4.0
7f15d37d6000-7f15d3826000 r-xp 00000000 08:01 1184310                    /usr/lib/jvm/java-7-oracle/jre/lib/amd64/xawt/libmawt.so
7f15d3826000-7f15d3a26000 ---p 00050000 08:01 1184310                    /usr/lib/jvm/java-7-oracle/jre/lib/amd64/xawt/libmawt.so
7f15d3a26000-7f15d3a2a000 rw-p 00050000 08:01 1184310                    /usr/lib/jvm/java-7-oracle/jre/lib/amd64/xawt/libmawt.so
7f15d3a2a000-7f15d3a2b000 rw-p 00000000 00:00 0 
7f15d3a2b000-7f15d3acd000 r-xp 00000000 08:01 1184327                    /usr/lib/jvm/java-7-oracle/jre/lib/amd64/libawt.so
7f15d3acd000-7f15d3ccd000 ---p 000a2000 08:01 1184327                    /usr/lib/jvm/java-7-oracle/jre/lib/amd64/libawt.so
7f15d3ccd000-7f15d3cd9000 rw-p 000a2000 08:01 1184327                    /usr/lib/jvm/java-7-oracle/jre/lib/amd64/libawt.so
7f15d3cd9000-7f15d3cfd000 rw-p 00000000 00:00 0 
7f15d3cfd000-7f15d3cfe000 ---p 00000000 00:00 0 
7f15d3cfe000-7f15d3dfe000 rw-p 00000000 00:00 0 
7f15d3dfe000-7f15d3e01000 ---p 00000000 00:00 0 
7f15d3e01000-7f15d3eff000 rw-p 00000000 00:00 0                          [stack:6543]
7f15d3eff000-7f15d3f02000 ---p 00000000 00:00 0 
7f15d3f02000-7f15d4000000 rw-p 00000000 00:00 0                          [stack:6542]
7f15d4000000-7f15d4021000 rw-p 00000000 00:00 0 
7f15d4021000-7f15d8000000 ---p 00000000 00:00 0 
7f15d8000000-7f15d8021000 rw-p 00000000 00:00 0 
7f15d8021000-7f15dc000000 ---p 00000000 00:00 0 
7f15dc000000-7f15dc021000 rw-p 00000000 00:00 0 
7f15dc021000-7f15e0000000 ---p 00000000 00:00 0 
7f15e0000000-7f15e0e19000 rw-p 00000000 00:00 0 
7f15e0e19000-7f15e4000000 ---p 00000000 00:00 0 
7f15e4000000-7f15e4021000 rw-p 00000000 00:00 0 
7f15e4021000-7f15e8000000 ---p 00000000 00:00 0 
7f15e8000000-7f15e8021000 rw-p 00000000 00:00 0 
7f15e8021000-7f15ec000000 ---p 00000000 00:00 0 
7f15ec000000-7f15ec021000 rw-p 00000000 00:00 0 
7f15ec021000-7f15f0000000 ---p 00000000 00:00 0 
7f15f0000000-7f15f0021000 rw-p 00000000 00:00 0 
7f15f0021000-7f15f4000000 ---p 00000000 00:00 0 
7f15f4000000-7f15f4021000 rw-p 00000000 00:00 0 
7f15f4021000-7f15f8000000 ---p 00000000 00:00 0 
7f15f8000000-7f15f8021000 rw-p 00000000 00:00 0 
7f15f8021000-7f15fc000000 ---p 00000000 00:00 0 
7f15fc000000-7f15fc021000 rw-p 00000000 00:00 0 
7f15fc021000-7f1600000000 ---p 00000000 00:00 0 
7f1600008000-7f160000a000 rw-p 00000000 00:00 0 
7f160000a000-7f160000d000 rw-s 00000000 00:04 13762592                   /SYSV00000000 (deleted)
7f160000d000-7f160003e000 rw-p 00000000 00:00 0 
7f160003e000-7f160003f000 r--s 00000000 08:01 7340127                    /var/cache/fontconfig/c05880de57d1f5e948fdfacc138775d9-le64.cache-4
7f160003f000-7f160004a000 r--s 00000000 08:01 7340121                    /var/cache/fontconfig/945677eb7aeaf62f1d50efc3fb3ec7d8-le64.cache-4
7f160004a000-7f1600050000 r--s 00000000 08:01 7340107                    /var/cache/fontconfig/2cd17615ca594fa2959ae173292e504c-le64.cache-4
7f1600050000-7f1600051000 r--s 00000000 08:01 7340137                    /var/cache/fontconfig/e7071f4a29fa870f4323321c154eba04-le64.cache-4
7f1600051000-7f1600052000 r--s 00000000 08:01 7340104                    /var/cache/fontconfig/0d8c3b2ac0904cb8a57a757ad11a4a08-le64.cache-4
7f1600052000-7f1600059000 r--s 00000000 08:01 7340124                    /var/cache/fontconfig/a755afe4a08bf5b97852ceb7400b47bc-le64.cache-4
7f1600059000-7f160005d000 r--s 00000000 08:01 7347255                    /var/cache/fontconfig/6d41288fd70b0be22e8c3a91e032eec0-le64.cache-4
7f160005d000-7f1600071000 r--s 00000000 08:01 7340102                    /var/cache/fontconfig/04aabc0a78ac019cf9454389977116d2-le64.cache-4
7f1600071000-7f1600075000 r--s 00000000 08:01 7340110                    /var/cache/fontconfig/385c0604a188198f04d133e54aba7fe7-le64.cache-4
7f1600075000-7f1600077000 r--s 00000000 08:01 7340118                    /var/cache/fontconfig/767a8244fc0220cfb567a839d0392e0b-le64.cache-4
7f1600077000-7f160007e000 r--s 00000000 08:01 7340108                    /var/cache/fontconfig/3047814df9a2f067bd2d96a2b9c36e5a-le64.cache-4
7f160007e000-7f1600084000 r--s 00000000 08:01 7340125                    /var/cache/fontconfig/b47c4e1ecd0709278f4910c18777a504-le64.cache-4
7f1600084000-7f1600097000 r--s 00000000 08:01 7340131                    /var/cache/fontconfig/d52a8644073d54c13679302ca1180695-le64.cache-4
7f1600097000-7f16000a2000 r--s 00000000 08:01 7349690                    /var/cache/fontconfig/d589a48862398ed80a3d6066f4f56f4c-le64.cache-4
7f16000a2000-7f16000a5000 ---p 00000000 00:00 0 
7f16000a5000-7f16001a3000 rw-p 00000000 00:00 0                          [stack:6541]
7f16001a3000-7f16001a6000 ---p 00000000 00:00 0 
7f16001a6000-7f16002a4000 rw-p 00000000 00:00 0                          [stack:6646]
7f16002a4000-7f16002a7000 ---p 00000000 00:00 0 
7f16002a7000-7f16003a5000 rw-p 00000000 00:00 0                          [stack:6537]
7f16003a5000-7f16003a8000 ---p 00000000 00:00 0 
7f16003a8000-7f16004a6000 rw-p 00000000 00:00 0                          [stack:6536]
7f16004a6000-7f16004aa000 r-xp 00000000 08:01 1184295                    /usr/lib/jvm/java-7-oracle/jre/lib/amd64/libdt_socket.so
7f16004aa000-7f16006a9000 ---p 00004000 08:01 1184295                    /usr/lib/jvm/java-7-oracle/jre/lib/amd64/libdt_socket.so
7f16006a9000-7f16006aa000 rw-p 00003000 08:01 1184295                    /usr/lib/jvm/java-7-oracle/jre/lib/amd64/libdt_socket.so
7f16006aa000-7f16006ad000 ---p 00000000 00:00 0 
7f16006ad000-7f16007ab000 rw-p 00000000 00:00 0                          [stack:6532]
7f16007ab000-7f16007ae000 ---p 00000000 00:00 0 
7f16007ae000-7f16008ac000 rw-p 00000000 00:00 0                          [stack:6530]
7f16008ac000-7f16008af000 ---p 00000000 00:00 0 
7f16008af000-7f16009ad000 rw-p 00000000 00:00 0                          [stack:6529]
7f16009ad000-7f16009ae000 ---p 00000000 00:00 0 
7f16009ae000-7f1601aad000 rw-p 00000000 00:00 0                          [stack:6528]
7f1601aad000-7f1601c6d000 r--s 039ea000 08:01 1183553                    /usr/lib/jvm/java-7-oracle/jre/lib/rt.jar
7f1601c6d000-7f1605000000 rw-p 00000000 00:00 0 
7f1605000000-7f1605270000 rwxp 00000000 00:00 0 
7f1605270000-7f16082ea000 rw-p 00000000 00:00 0 
7f16082ea000-7f160c000000 ---p 00000000 00:00 0 
7f160c000000-7f160c001000 r--s 00000000 08:01 7340106                    /var/cache/fontconfig/1ac9eb803944fde146138c791f5cc56a-le64.cache-4
7f160c001000-7f160c00a000 r--s 00000000 08:01 7343821                    /var/cache/fontconfig/3f7329c5293ffd510edef78f73874cfd-le64.cache-4
7f160c00a000-7f160c028000 rw-p 00000000 00:00 0 
7f160c028000-7f160c029000 ---p 00000000 00:00 0 
7f160c029000-7f160c129000 rw-p 00000000 00:00 0                          [stack:6527]
7f160c129000-7f160c12a000 ---p 00000000 00:00 0 
7f160c12a000-7f160c22a000 rw-p 00000000 00:00 0                          [stack:6526]
7f160c22a000-7f160c22b000 ---p 00000000 00:00 0 
7f160c22b000-7f160c32b000 rw-p 00000000 00:00 0                          [stack:6525]
7f160c32b000-7f160c32c000 ---p 00000000 00:00 0 
7f160c32c000-7f160c437000 rw-p 00000000 00:00 0                          [stack:6524]
7f160c437000-7f160c455000 rw-p 00000000 00:00 0 
7f160c455000-7f160c473000 rw-p 00000000 00:00 0 
7f160c473000-7f160c636000 rw-p 00000000 00:00 0 
7f160c636000-7f160c641000 rw-p 00000000 00:00 0 
7f160c641000-7f160c65f000 rw-p 00000000 00:00 0 
7f160c65f000-7f160c67d000 rw-p 00000000 00:00 0 
7f160c67d000-7f160c83f000 rw-p 00000000 00:00 0 
7f160c83f000-7f160c84f000 rw-p 00000000 00:00 0 
7f160c84f000-7f160c930000 rw-p 00000000 00:00 0 
7f160c930000-7f160c931000 rw-p 00000000 00:00 0 
7f160c931000-7f160c94b000 r-xp 00000000 08:01 1184344                    /usr/lib/jvm/java-7-oracle/jre/lib/amd64/libzip.so
7f160c94b000-7f160cb4b000 ---p 0001a000 08:01 1184344                    /usr/lib/jvm/java-7-oracle/jre/lib/amd64/libzip.so
7f160cb4b000-7f160cb4c000 rw-p 0001a000 08:01 1184344                    /usr/lib/jvm/java-7-oracle/jre/lib/amd64/libzip.so
7f160cb4c000-7f160cb57000 r-xp 00000000 08:01 17437460                   /lib/x86_64-linux-gnu/libnss_files-2.19.so
7f160cb57000-7f160cd56000 ---p 0000b000 08:01 17437460                   /lib/x86_64-linux-gnu/libnss_files-2.19.so
7f160cd56000-7f160cd57000 r--p 0000a000 08:01 17437460                   /lib/x86_64-linux-gnu/libnss_files-2.19.so
7f160cd57000-7f160cd58000 rw-p 0000b000 08:01 17437460                   /lib/x86_64-linux-gnu/libnss_files-2.19.so
7f160cd58000-7f160cd63000 r-xp 00000000 08:01 17437467                   /lib/x86_64-linux-gnu/libnss_nis-2.19.so
7f160cd63000-7f160cf62000 ---p 0000b000 08:01 17437467                   /lib/x86_64-linux-gnu/libnss_nis-2.19.so
7f160cf62000-7f160cf63000 r--p 0000a000 08:01 17437467                   /lib/x86_64-linux-gnu/libnss_nis-2.19.so
7f160cf63000-7f160cf64000 rw-p 0000b000 08:01 17437467                   /lib/x86_64-linux-gnu/libnss_nis-2.19.so
7f160cf64000-7f160cf7b000 r-xp 00000000 08:01 17433586                   /lib/x86_64-linux-gnu/libnsl-2.19.so
7f160cf7b000-7f160d17a000 ---p 00017000 08:01 17433586                   /lib/x86_64-linux-gnu/libnsl-2.19.so
7f160d17a000-7f160d17b000 r--p 00016000 08:01 17433586                   /lib/x86_64-linux-gnu/libnsl-2.19.so
7f160d17b000-7f160d17c000 rw-p 00017000 08:01 17433586                   /lib/x86_64-linux-gnu/libnsl-2.19.so
7f160d17c000-7f160d17e000 rw-p 00000000 00:00 0 
7f160d17e000-7f160d187000 r-xp 00000000 08:01 17437464                   /lib/x86_64-linux-gnu/libnss_compat-2.19.so
7f160d187000-7f160d386000 ---p 00009000 08:01 17437464                   /lib/x86_64-linux-gnu/libnss_compat-2.19.so
7f160d386000-7f160d387000 r--p 00008000 08:01 17437464                   /lib/x86_64-linux-gnu/libnss_compat-2.19.so
7f160d387000-7f160d388000 rw-p 00009000 08:01 17437464                   /lib/x86_64-linux-gnu/libnss_compat-2.19.so
7f160d388000-7f160da6b000 r--p 00000000 08:01 924286                     /usr/lib/locale/locale-archive
7f160da6b000-7f160da6e000 r-xp 00000000 08:01 1184296                    /usr/lib/jvm/java-7-oracle/jre/lib/amd64/libnpt.so
7f160da6e000-7f160dc6d000 ---p 00003000 08:01 1184296                    /usr/lib/jvm/java-7-oracle/jre/lib/amd64/libnpt.so
7f160dc6d000-7f160dc6e000 rw-p 00002000 08:01 1184296                    /usr/lib/jvm/java-7-oracle/jre/lib/amd64/libnpt.so
7f160dc6e000-7f160dca7000 r-xp 00000000 08:01 1184337                    /usr/lib/jvm/java-7-oracle/jre/lib/amd64/libjdwp.so
7f160dca7000-7f160dea7000 ---p 00039000 08:01 1184337                    /usr/lib/jvm/java-7-oracle/jre/lib/amd64/libjdwp.so
7f160dea7000-7f160dea8000 rw-p 00039000 08:01 1184337                    /usr/lib/jvm/java-7-oracle/jre/lib/amd64/libjdwp.so
7f160dea8000-7f160dea9000 rw-p 00000000 00:00 0 
7f160dea9000-7f160ded2000 r-xp 00000000 08:01 1184298                    /usr/lib/jvm/java-7-oracle/jre/lib/amd64/libjava.so
7f160ded2000-7f160e0d2000 ---p 00029000 08:01 1184298                    /usr/lib/jvm/java-7-oracle/jre/lib/amd64/libjava.so
7f160e0d2000-7f160e0d4000 rw-p 00029000 08:01 1184298                    /usr/lib/jvm/java-7-oracle/jre/lib/amd64/libjava.so
7f160e0d4000-7f160e0e1000 r-xp 00000000 08:01 1184341                    /usr/lib/jvm/java-7-oracle/jre/lib/amd64/libverify.so
7f160e0e1000-7f160e2e0000 ---p 0000d000 08:01 1184341                    /usr/lib/jvm/java-7-oracle/jre/lib/amd64/libverify.so
7f160e2e0000-7f160e2e2000 rw-p 0000c000 08:01 1184341                    /usr/lib/jvm/java-7-oracle/jre/lib/amd64/libverify.so
7f160e2e2000-7f160e2e9000 r-xp 00000000 08:01 17437470                   /lib/x86_64-linux-gnu/librt-2.19.so
7f160e2e9000-7f160e4e8000 ---p 00007000 08:01 17437470                   /lib/x86_64-linux-gnu/librt-2.19.so
7f160e4e8000-7f160e4e9000 r--p 00006000 08:01 17437470                   /lib/x86_64-linux-gnu/librt-2.19.so
7f160e4e9000-7f160e4ea000 rw-p 00007000 08:01 17437470                   /lib/x86_64-linux-gnu/librt-2.19.so
7f160e4ea000-7f160e5ef000 r-xp 00000000 08:01 17433581                   /lib/x86_64-linux-gnu/libm-2.19.so
7f160e5ef000-7f160e7ee000 ---p 00105000 08:01 17433581                   /lib/x86_64-linux-gnu/libm-2.19.so
7f160e7ee000-7f160e7ef000 r--p 00104000 08:01 17433581                   /lib/x86_64-linux-gnu/libm-2.19.so
7f160e7ef000-7f160e7f0000 rw-p 00105000 08:01 17433581                   /lib/x86_64-linux-gnu/libm-2.19.so
7f160e7f0000-7f160f363000 r-xp 00000000 08:01 1184300                    /usr/lib/jvm/java-7-oracle/jre/lib/amd64/server/libjvm.so
7f160f363000-7f160f562000 ---p 00b73000 08:01 1184300                    /usr/lib/jvm/java-7-oracle/jre/lib/amd64/server/libjvm.so
7f160f562000-7f160f626000 rw-p 00b72000 08:01 1184300                    /usr/lib/jvm/java-7-oracle/jre/lib/amd64/server/libjvm.so
7f160f626000-7f160f667000 rw-p 00000000 00:00 0 
7f160f667000-7f160f822000 r-xp 00000000 08:01 17437468                   /lib/x86_64-linux-gnu/libc-2.19.so
7f160f822000-7f160fa22000 ---p 001bb000 08:01 17437468                   /lib/x86_64-linux-gnu/libc-2.19.so
7f160fa22000-7f160fa26000 r--p 001bb000 08:01 17437468                   /lib/x86_64-linux-gnu/libc-2.19.so
7f160fa26000-7f160fa28000 rw-p 001bf000 08:01 17437468                   /lib/x86_64-linux-gnu/libc-2.19.so
7f160fa28000-7f160fa2d000 rw-p 00000000 00:00 0 
7f160fa2d000-7f160fa30000 r-xp 00000000 08:01 17437462                   /lib/x86_64-linux-gnu/libdl-2.19.so
7f160fa30000-7f160fc2f000 ---p 00003000 08:01 17437462                   /lib/x86_64-linux-gnu/libdl-2.19.so
7f160fc2f000-7f160fc30000 r--p 00002000 08:01 17437462                   /lib/x86_64-linux-gnu/libdl-2.19.so
7f160fc30000-7f160fc31000 rw-p 00003000 08:01 17437462                   /lib/x86_64-linux-gnu/libdl-2.19.so
7f160fc31000-7f160fc47000 r-xp 00000000 08:01 928854                     /usr/lib/jvm/java-7-oracle/lib/amd64/jli/libjli.so
7f160fc47000-7f160fe47000 ---p 00016000 08:01 928854                     /usr/lib/jvm/java-7-oracle/lib/amd64/jli/libjli.so
7f160fe47000-7f160fe48000 rw-p 00016000 08:01 928854                     /usr/lib/jvm/java-7-oracle/lib/amd64/jli/libjli.so
7f160fe48000-7f160fe61000 r-xp 00000000 08:01 17437457                   /lib/x86_64-linux-gnu/libpthread-2.19.so
7f160fe61000-7f1610060000 ---p 00019000 08:01 17437457                   /lib/x86_64-linux-gnu/libpthread-2.19.so
7f1610060000-7f1610061000 r--p 00018000 08:01 17437457                   /lib/x86_64-linux-gnu/libpthread-2.19.so
7f1610061000-7f1610062000 rw-p 00019000 08:01 17437457                   /lib/x86_64-linux-gnu/libpthread-2.19.so
7f1610062000-7f1610066000 rw-p 00000000 00:00 0 
7f1610066000-7f1610089000 r-xp 00000000 08:01 17437465                   /lib/x86_64-linux-gnu/ld-2.19.so
7f1610089000-7f161008e000 r--s 00000000 08:01 7340120                    /var/cache/fontconfig/8801497958630a81b71ace7c5f9b32a8-le64.cache-4
7f161008e000-7f1610097000 r--s 00000000 08:01 7347329                    /var/cache/fontconfig/d0972c3d32f097851eb916381fc38920-le64.cache-4
7f1610097000-7f16100a4000 r--s 00000000 08:01 7349547                    /var/cache/fontconfig/e13b20fdb08344e0e664864cc2ede53d-le64.cache-4
7f16100a4000-7f16100ae000 rw-p 00000000 00:00 0 
7f16100ae000-7f1610164000 rw-p 00000000 00:00 0 
7f1610164000-7f1610167000 ---p 00000000 00:00 0 
7f1610167000-7f1610269000 rw-p 00000000 00:00 0                          [stack:6522]
7f1610269000-7f161026a000 r--s 00000000 08:01 7340134                    /var/cache/fontconfig/dc05db6664285cc2f12bf69c139ae4c3-le64.cache-4
7f161026a000-7f161026b000 r--s 00000000 08:01 7343824                    /var/cache/fontconfig/4794a0821666d79190d59a36cb4f44b5-le64.cache-4
7f161026b000-7f161026c000 r--s 00000000 08:01 7340114                    /var/cache/fontconfig/56cf4f4769d0f4abc89a4895d7bd3ae1-le64.cache-4
7f161026c000-7f161026d000 r--s 00000000 08:01 7340126                    /var/cache/fontconfig/b9d506c9ac06c20b433354fa67a72993-le64.cache-4
7f161026d000-7f161026e000 r--s 00000000 08:01 7340103                    /var/cache/fontconfig/0c9eb80ebd1c36541ebe2852d3bb0c49-le64.cache-4
7f161026e000-7f1610272000 r--s 00000000 08:01 7347241                    /var/cache/fontconfig/7ef2298fde41cc6eeb7af42e48b7d293-le64.cache-4
7f1610272000-7f161027c000 r--s 00251000 08:01 1181682                    /usr/lib/jvm/java-7-oracle/jre/lib/resources.jar
7f161027c000-7f1610284000 rw-s 00000000 08:01 17302931                   /tmp/hsperfdata_eltntawy/6517
7f1610284000-7f1610285000 rw-p 00000000 00:00 0 
7f1610285000-7f1610286000 ---p 00000000 00:00 0 
7f1610286000-7f1610288000 rw-p 00000000 00:00 0 
7f1610288000-7f1610289000 r--p 00022000 08:01 17437465                   /lib/x86_64-linux-gnu/ld-2.19.so
7f1610289000-7f161028a000 rw-p 00023000 08:01 17437465                   /lib/x86_64-linux-gnu/ld-2.19.so
7f161028a000-7f161028b000 rw-p 00000000 00:00 0 
7fff43868000-7fff43889000 rw-p 00000000 00:00 0                          [stack]
7fff438f8000-7fff438fa000 r-xp 00000000 00:00 0                          [vdso]
ffffffffff600000-ffffffffff601000 r-xp 00000000 00:00 0                  [vsyscall]

VM Arguments:
jvm_args: -agentlib:jdwp=transport=dt_socket,suspend=y,address=localhost:47156 -Dfile.encoding=UTF-8 
java_command: FibonacciNumber
Launcher Type: SUN_STANDARD

Environment Variables:
PATH=/usr/local/sbin:/usr/local/bin:/usr/sbin:/usr/bin:/sbin:/bin:/usr/games:/usr/local/games
SHELL=/bin/bash
DISPLAY=:0

Signal Handlers:
SIGSEGV: [libjvm.so+0x9a1a10], sa_mask[0]=0x7ffbfeff, sa_flags=0x10000004
SIGBUS: [libjvm.so+0x9a1a10], sa_mask[0]=0x7ffbfeff, sa_flags=0x10000004
SIGFPE: [libjvm.so+0x81bae0], sa_mask[0]=0x7ffbfeff, sa_flags=0x10000004
SIGPIPE: [libjvm.so+0x81bae0], sa_mask[0]=0x7ffbfeff, sa_flags=0x10000004
SIGXFSZ: [libjvm.so+0x81bae0], sa_mask[0]=0x7ffbfeff, sa_flags=0x10000004
SIGILL: [libjvm.so+0x81bae0], sa_mask[0]=0x7ffbfeff, sa_flags=0x10000004
SIGUSR1: SIG_DFL, sa_mask[0]=0x00000000, sa_flags=0x00000000
SIGUSR2: [libjvm.so+0x81d2e0], sa_mask[0]=0x00000004, sa_flags=0x10000004
SIGHUP: [libjvm.so+0x81e400], sa_mask[0]=0x7ffbfeff, sa_flags=0x10000004
SIGINT: [libjvm.so+0x81e400], sa_mask[0]=0x7ffbfeff, sa_flags=0x10000004
SIGTERM: [libjvm.so+0x81e400], sa_mask[0]=0x7ffbfeff, sa_flags=0x10000004
SIGQUIT: [libjvm.so+0x81e400], sa_mask[0]=0x7ffbfeff, sa_flags=0x10000004


---------------  S Y S T E M  ---------------

OS:jessie/sid

uname:Linux 3.13.0-43-generic #72-Ubuntu SMP Mon Dec 8 19:35:06 UTC 2014 x86_64
libc:glibc 2.19 NPTL 2.19 
rlimit: STACK 8192k, CORE 0k, NPROC 45960, NOFILE 4096, AS infinity
load average:1.09 0.49 0.46

/proc/meminfo:
MemTotal:        5904500 kB
MemFree:         1711180 kB
Buffers:          103828 kB
Cached:          1582212 kB
SwapCached:            0 kB
Active:          2668824 kB
Inactive:        1306748 kB
Active(anon):    2290864 kB
Inactive(anon):   335004 kB
Active(file):     377960 kB
Inactive(file):   971744 kB
Unevictable:         416 kB
Mlocked:             416 kB
SwapTotal:       6082556 kB
SwapFree:        6082556 kB
Dirty:               456 kB
Writeback:             0 kB
AnonPages:       2289992 kB
Mapped:           282340 kB
Shmem:            336340 kB
Slab:             102744 kB
SReclaimable:      70448 kB
SUnreclaim:        32296 kB
KernelStack:        5048 kB
PageTables:        38448 kB
NFS_Unstable:          0 kB
Bounce:                0 kB
WritebackTmp:          0 kB
CommitLimit:     9034804 kB
Committed_AS:    6183500 kB
VmallocTotal:   34359738367 kB
VmallocUsed:      552920 kB
VmallocChunk:   34359175644 kB
HardwareCorrupted:     0 kB
AnonHugePages:    989184 kB
HugePages_Total:       0
HugePages_Free:        0
HugePages_Rsvd:        0
HugePages_Surp:        0
Hugepagesize:       2048 kB
DirectMap4k:       58300 kB
DirectMap2M:     6025216 kB


CPU:total 4 (2 cores per cpu, 2 threads per core) family 6 model 37 stepping 2, cmov, cx8, fxsr, mmx, sse, sse2, sse3, ssse3, sse4.1, sse4.2, popcnt, ht, tsc, tscinvbit

/proc/cpuinfo:
processor	: 0
vendor_id	: GenuineIntel
cpu family	: 6
model		: 37
model name	: Intel(R) Core(TM) i3 CPU       M 330  @ 2.13GHz
stepping	: 2
microcode	: 0x8
cpu MHz		: 2133.000
cache size	: 3072 KB
physical id	: 0
siblings	: 4
core id		: 0
cpu cores	: 2
apicid		: 0
initial apicid	: 0
fpu		: yes
fpu_exception	: yes
cpuid level	: 11
wp		: yes
flags		: fpu vme de pse tsc msr pae mce cx8 apic sep mtrr pge mca cmov pat pse36 clflush dts acpi mmx fxsr sse sse2 ss ht tm pbe syscall nx rdtscp lm constant_tsc arch_perfmon pebs bts rep_good nopl xtopology nonstop_tsc aperfmperf pni dtes64 monitor ds_cpl vmx est tm2 ssse3 cx16 xtpr pdcm sse4_1 sse4_2 popcnt lahf_lm arat dtherm tpr_shadow vnmi flexpriority ept vpid
bogomips	: 4255.85
clflush size	: 64
cache_alignment	: 64
address sizes	: 36 bits physical, 48 bits virtual
power management:

processor	: 1
vendor_id	: GenuineIntel
cpu family	: 6
model		: 37
model name	: Intel(R) Core(TM) i3 CPU       M 330  @ 2.13GHz
stepping	: 2
microcode	: 0x8
cpu MHz		: 933.000
cache size	: 3072 KB
physical id	: 0
siblings	: 4
core id		: 2
cpu cores	: 2
apicid		: 4
initial apicid	: 4
fpu		: yes
fpu_exception	: yes
cpuid level	: 11
wp		: yes
flags		: fpu vme de pse tsc msr pae mce cx8 apic sep mtrr pge mca cmov pat pse36 clflush dts acpi mmx fxsr sse sse2 ss ht tm pbe syscall nx rdtscp lm constant_tsc arch_perfmon pebs bts rep_good nopl xtopology nonstop_tsc aperfmperf pni dtes64 monitor ds_cpl vmx est tm2 ssse3 cx16 xtpr pdcm sse4_1 sse4_2 popcnt lahf_lm arat dtherm tpr_shadow vnmi flexpriority ept vpid
bogomips	: 4255.85
clflush size	: 64
cache_alignment	: 64
address sizes	: 36 bits physical, 48 bits virtual
power management:

processor	: 2
vendor_id	: GenuineIntel
cpu family	: 6
model		: 37
model name	: Intel(R) Core(TM) i3 CPU       M 330  @ 2.13GHz
stepping	: 2
microcode	: 0x8
cpu MHz		: 933.000
cache size	: 3072 KB
physical id	: 0
siblings	: 4
core id		: 0
cpu cores	: 2
apicid		: 1
initial apicid	: 1
fpu		: yes
fpu_exception	: yes
cpuid level	: 11
wp		: yes
flags		: fpu vme de pse tsc msr pae mce cx8 apic sep mtrr pge mca cmov pat pse36 clflush dts acpi mmx fxsr sse sse2 ss ht tm pbe syscall nx rdtscp lm constant_tsc arch_perfmon pebs bts rep_good nopl xtopology nonstop_tsc aperfmperf pni dtes64 monitor ds_cpl vmx est tm2 ssse3 cx16 xtpr pdcm sse4_1 sse4_2 popcnt lahf_lm arat dtherm tpr_shadow vnmi flexpriority ept vpid
bogomips	: 4255.85
clflush size	: 64
cache_alignment	: 64
address sizes	: 36 bits physical, 48 bits virtual
power management:

processor	: 3
vendor_id	: GenuineIntel
cpu family	: 6
model		: 37
model name	: Intel(R) Core(TM) i3 CPU       M 330  @ 2.13GHz
stepping	: 2
microcode	: 0x8
cpu MHz		: 933.000
cache size	: 3072 KB
physical id	: 0
siblings	: 4
core id		: 2
cpu cores	: 2
apicid		: 5
initial apicid	: 5
fpu		: yes
fpu_exception	: yes
cpuid level	: 11
wp		: yes
flags		: fpu vme de pse tsc msr pae mce cx8 apic sep mtrr pge mca cmov pat pse36 clflush dts acpi mmx fxsr sse sse2 ss ht tm pbe syscall nx rdtscp lm constant_tsc arch_perfmon pebs bts rep_good nopl xtopology nonstop_tsc aperfmperf pni dtes64 monitor ds_cpl vmx est tm2 ssse3 cx16 xtpr pdcm sse4_1 sse4_2 popcnt lahf_lm arat dtherm tpr_shadow vnmi flexpriority ept vpid
bogomips	: 4255.85
clflush size	: 64
cache_alignment	: 64
address sizes	: 36 bits physical, 48 bits virtual
power management:



Memory: 4k page, physical 5904500k(1711180k free), swap 6082556k(6082556k free)

vm_info: Java HotSpot(TM) 64-Bit Server VM (24.72-b04) for linux-amd64 JRE (1.7.0_72-b14), built on Sep 26 2014 18:20:41 by "java_re" with gcc 4.3.0 20080428 (Red Hat 4.3.0-8)

time: Sun Jan 11 22:49:37 2015
elapsed time: 55 seconds

